


ARM Macro Assembler    Page 1 


    1 00000000         ; Print.s
    2 00000000         ; Student names: change this to your names or look very 
                       silly
    3 00000000         ; Last modification date: change this to the last modifi
                       cation date or look very silly
    4 00000000         ; Runs on LM4F120 or TM4C123
    5 00000000         ; EE319K lab 7 device driver for any LCD
    6 00000000         ;
    7 00000000         ; As part of Lab 7, students need to implement these LCD
                       _OutDec and LCD_OutFix
    8 00000000         ; This driver assumes two low-level LCD functions
    9 00000000         ; ST7735_OutChar   outputs a single 8-bit ASCII characte
                       r
   10 00000000         ; ST7735_OutString outputs a null-terminated string 
   11 00000000         
   12 00000000                 IMPORT           ST7735_OutChar
   13 00000000                 IMPORT           ST7735_OutString
   14 00000000                 EXPORT           LCD_OutDec
   15 00000000                 EXPORT           LCD_OutFix
   16 00000000         
   17 00000000                 AREA             |.text|, CODE, READONLY, ALIGN=
2
   18 00000000                 THUMB
   19 00000000         
   20 00000000         
   21 00000000         
   22 00000000         ;-----------------------LCD_OutDec----------------------
                       -
   23 00000000         ; Output a 32-bit number in unsigned decimal format
   24 00000000         ; Input: R0 (call by value) 32-bit unsigned number
   25 00000000         ; Output: none
   26 00000000         ; Invariables: This function must not permanently modify
                        registers R4 to R11
   27 00000000         LCD_OutDec
   28 00000000 00000004 
                       z       equ              4           ;offset
   29 00000000 B082            SUB              SP,#8       ;allocate
   30 00000002 F04F 0100       MOV              R1,#0       ;clear digit amount
                                                            
   31 00000006 46EC            MOV              R12,SP
   32 00000008 F04F 030A       MOV              R3,#10      ;local variable val
                                                            ue
   33 0000000C F8CC 3004       STR              R3,[R12,#z]
   34 00000010         Loop3
   35 00000010 4602            MOV              R2,R0
   36 00000012 F8DC 3004       LDR              R3,[R12,#z] ;take out powers of
                                                             10
   37 00000016 FBB0 F0F3       UDIV             R0,R3
   38 0000001A FB00 F303       MUL              R3,R0,R3
   39 0000001E EBA2 0303       SUB              R3,R2,R3
   40 00000022 E92D 0808       PUSH             {R3,R11}    ;push digit values 
                                                            on stack
   41 00000026 F101 0101       ADD              R1,#1       ;increment digits
   42 0000002A 2800            CMP              R0,#0
   43 0000002C D1F0            BNE              Loop3
   44 0000002E         Loop4
   45 0000002E E8BD 0801       POP              {R0,R11}    ;pop digit values o
                                                            ff stack
   46 00000032 F100 0030       ADD              R0,#48      ;convert digit valu



ARM Macro Assembler    Page 2 


                                                            es to Ascii
   47 00000036 B502            PUSH             {R1,LR}
   48 00000038 F7FF FFFE       BL               ST7735_OutChar
   49 0000003C E8BD 4002       POP              {R1,LR}
   50 00000040 F1A1 0101       SUB              R1,#1       ;decrement digits
   51 00000044 2900            CMP              R1,#0
   52 00000046 D1F2            BNE              Loop4
   53 00000048 B002            ADD              SP,#8       ;deallocate
   54 0000004A 4770            BX               LR
   55 0000004C         ;* * * * * * * * End of LCD_OutDec * * * * * * * *
   56 0000004C         
   57 0000004C         ; -----------------------LCD _OutFix--------------------
                       --
   58 0000004C         ; Output characters to LCD display in fixed-point format
                       
   59 0000004C         ; unsigned decimal, resolution 0.001, range 0.000 to 9.9
                       99
   60 0000004C         ; Inputs:  R0 is an unsigned 32-bit number
   61 0000004C         ; Outputs: none
   62 0000004C         ; E.g., R0=0,    then output "0.000 "
   63 0000004C         ;       R0=3,    then output "0.003 "
   64 0000004C         ;       R0=89,   then output "0.089 "
   65 0000004C         ;       R0=123,  then output "0.123 "
   66 0000004C         ;       R0=9999, then output "9.999 "
   67 0000004C         ;       R0>9999, then output "*.*** "
   68 0000004C         ; Invariables: This function must not permanently modify
                        registers R4 to R11
   69 0000004C         LCD_OutFix
   70 0000004C 00000000 
                       x       equ              0
   71 0000004C E92D 4800       PUSH             {R11,LR}
   72 00000050 B082            SUB              SP,#8
   73 00000052 46EB            MOV              R11,SP
   74 00000054 F242 710F       MOV              R1,#9999
   75 00000058 4288            CMP              R0,R1
   76 0000005A D870            BHI              High
   77 0000005C F240 31E7       MOV              R1,#999
   78 00000060 4288            CMP              R0,R1
   79 00000062 D81C            BHI              Thousand
   80 00000064 2863            CMP              R0,#99
   81 00000066 D844            BHI              Hundred
   82 00000068 2809            CMP              R0,#9
   83 0000006A D853            BHI              Ten
   84 0000006C B501            PUSH             {R0,LR}
   85 0000006E F04F 0030       MOV              R0,#0x30
   86 00000072 F7FF FFFE       BL               ST7735_OutChar
   87 00000076 F04F 002E       MOV              R0,#0x2E
   88 0000007A F7FF FFFE       BL               ST7735_OutChar
   89 0000007E F04F 0030       MOV              R0,#0x30
   90 00000082 F7FF FFFE       BL               ST7735_OutChar
   91 00000086 F04F 0030       MOV              R0,#0x30
   92 0000008A F7FF FFFE       BL               ST7735_OutChar
   93 0000008E E8BD 4001       POP              {R0,LR}
   94 00000092 F7FF FFFE       BL               LCD_OutDec
   95 00000096 B002            ADD              SP,#8
   96 00000098 E8BD 4800       POP              {R11, LR}
   97 0000009C 4770            BX               LR
   98 0000009E         Thousand
   99 0000009E B501            PUSH             {R0,LR}



ARM Macro Assembler    Page 3 


  100 000000A0 F44F 717A       MOV              R1,#1000
  101 000000A4 FBB0 F0F1       UDIV             R0,R1
  102 000000A8 FB00 F201       MUL              R2,R0,R1
  103 000000AC F8CB 2000       STR              R2,[R11,#x]
  104 000000B0 F7FF FFFE       BL               LCD_OutDec
  105 000000B4 F04F 002E       MOV              R0,#0x2E
  106 000000B8 F7FF FFFE       BL               ST7735_OutChar
  107 000000BC E8BD 4001       POP              {R0,LR}
  108 000000C0 F8DB 2000       LDR              R2,[R11,#x]
  109 000000C4 EBA0 0002       SUB              R0,R2
  110 000000C8 2863            CMP              R0,#99
  111 000000CA D81D            BHI              Hundred1
  112 000000CC 2809            CMP              R0,#9
  113 000000CE D82A            BHI              Ten1
  114 000000D0 B501            PUSH             {R0,LR}
  115 000000D2 F04F 0030       MOV              R0,#0x30
  116 000000D6 F7FF FFFE       BL               ST7735_OutChar
  117 000000DA F04F 0030       MOV              R0,#0x30
  118 000000DE F7FF FFFE       BL               ST7735_OutChar
  119 000000E2 E8BD 4001       POP              {R0,LR}
  120 000000E6 F7FF FFFE       BL               LCD_OutDec
  121 000000EA B002            ADD              SP,#8
  122 000000EC E8BD 4800       POP              {R11, LR}
  123 000000F0 4770            BX               LR
  124 000000F2         Hundred
  125 000000F2 B501            PUSH             {R0,LR}
  126 000000F4 F04F 0030       MOV              R0,#0x30
  127 000000F8 F7FF FFFE       BL               ST7735_OutChar
  128 000000FC F04F 002E       MOV              R0,#0x2E
  129 00000100 F7FF FFFE       BL               ST7735_OutChar
  130 00000104 E8BD 4001       POP              {R0,LR}
  131 00000108         Hundred1
  132 00000108 F7FF FFFE       BL               LCD_OutDec
  133 0000010C B002            ADD              SP,#8
  134 0000010E E8BD 4800       POP              {R11, LR}
  135 00000112 4770            BX               LR
  136 00000114         Ten
  137 00000114 B501            PUSH             {R0,LR}
  138 00000116 F04F 0030       MOV              R0,#0x30
  139 0000011A F7FF FFFE       BL               ST7735_OutChar
  140 0000011E F04F 002E       MOV              R0,#0x2E
  141 00000122 F7FF FFFE       BL               ST7735_OutChar
  142 00000126         Ten1
  143 00000126 F04F 0030       MOV              R0,#0x30
  144 0000012A F7FF FFFE       BL               ST7735_OutChar
  145 0000012E E8BD 4001       POP              {R0,LR}
  146 00000132 F7FF FFFE       BL               LCD_OutDec
  147 00000136 B002            ADD              SP,#8
  148 00000138 E8BD 4800       POP              {R11, LR}
  149 0000013C 4770            BX               LR
  150 0000013E         High
  151 0000013E F04F 002A       MOV              R0,#0x2A
  152 00000142 F7FF FFFE       BL               ST7735_OutChar
  153 00000146 F04F 002E       MOV              R0,#0x2E
  154 0000014A F7FF FFFE       BL               ST7735_OutChar
  155 0000014E F04F 002A       MOV              R0,#0x2A
  156 00000152 F7FF FFFE       BL               ST7735_OutChar
  157 00000156 F04F 002A       MOV              R0,#0x2A
  158 0000015A F7FF FFFE       BL               ST7735_OutChar



ARM Macro Assembler    Page 4 


  159 0000015E F04F 002A       MOV              R0,#0x2A
  160 00000162 F7FF FFFE       BL               ST7735_OutChar
  161 00000166 B002            ADD              SP,#8
  162 00000168 E8BD 4800       POP              {R11,LR}
  163 0000016C 4770            BX               LR
  164 0000016E         ;* * * * * * * * End of LCD_OutFix * * * * * * * *
  165 0000016E         
  166 0000016E 00 00           ALIGN                        ; make sure the end
                                                             of this section is
                                                             aligned
  167 00000170                 END                          ; end of file
Command Line: --debug --xref --cpu=Cortex-M4 --apcs=interwork --depend=.\print.
d -o.\print.o -IC:\Keil\ARM\RV31\INC -IC:\Keil\ARM\CMSIS\Include -IC:\Keil\ARM\
Inc\Luminary --predefine="__MICROLIB SETA 1" --list=.\print.lst Print.s



ARM Macro Assembler    Page 1 Alphabetic symbol ordering
Relocatable symbols

.text 00000000

Symbol: .text
   Definitions
      At line 17 in file Print.s
   Uses
      None
Comment: .text unused
High 0000013E

Symbol: High
   Definitions
      At line 150 in file Print.s
   Uses
      At line 76 in file Print.s
Comment: High used once
Hundred 000000F2

Symbol: Hundred
   Definitions
      At line 124 in file Print.s
   Uses
      At line 81 in file Print.s
Comment: Hundred used once
Hundred1 00000108

Symbol: Hundred1
   Definitions
      At line 131 in file Print.s
   Uses
      At line 111 in file Print.s
Comment: Hundred1 used once
LCD_OutDec 00000000

Symbol: LCD_OutDec
   Definitions
      At line 27 in file Print.s
   Uses
      At line 14 in file Print.s
      At line 94 in file Print.s
      At line 104 in file Print.s
      At line 120 in file Print.s
      At line 132 in file Print.s
      At line 146 in file Print.s

LCD_OutFix 0000004C

Symbol: LCD_OutFix
   Definitions
      At line 69 in file Print.s
   Uses
      At line 15 in file Print.s
Comment: LCD_OutFix used once
Loop3 00000010

Symbol: Loop3
   Definitions
      At line 34 in file Print.s
   Uses



ARM Macro Assembler    Page 2 Alphabetic symbol ordering
Relocatable symbols

      At line 43 in file Print.s
Comment: Loop3 used once
Loop4 0000002E

Symbol: Loop4
   Definitions
      At line 44 in file Print.s
   Uses
      At line 52 in file Print.s
Comment: Loop4 used once
Ten 00000114

Symbol: Ten
   Definitions
      At line 136 in file Print.s
   Uses
      At line 83 in file Print.s
Comment: Ten used once
Ten1 00000126

Symbol: Ten1
   Definitions
      At line 142 in file Print.s
   Uses
      At line 113 in file Print.s
Comment: Ten1 used once
Thousand 0000009E

Symbol: Thousand
   Definitions
      At line 98 in file Print.s
   Uses
      At line 79 in file Print.s
Comment: Thousand used once
11 symbols



ARM Macro Assembler    Page 1 Alphabetic symbol ordering
Absolute symbols

x 00000000

Symbol: x
   Definitions
      At line 70 in file Print.s
   Uses
      At line 103 in file Print.s
      At line 108 in file Print.s

z 00000004

Symbol: z
   Definitions
      At line 28 in file Print.s
   Uses
      At line 33 in file Print.s
      At line 36 in file Print.s

2 symbols



ARM Macro Assembler    Page 1 Alphabetic symbol ordering
External symbols

ST7735_OutChar 00000000

Symbol: ST7735_OutChar
   Definitions
      At line 12 in file Print.s
   Uses
      At line 48 in file Print.s
      At line 86 in file Print.s
      At line 88 in file Print.s
      At line 90 in file Print.s
      At line 92 in file Print.s
      At line 106 in file Print.s
      At line 116 in file Print.s
      At line 118 in file Print.s
      At line 127 in file Print.s
      At line 129 in file Print.s
      At line 139 in file Print.s
      At line 141 in file Print.s
      At line 144 in file Print.s
      At line 152 in file Print.s
      At line 154 in file Print.s
      At line 156 in file Print.s
      At line 158 in file Print.s
      At line 160 in file Print.s

ST7735_OutString 00000000

Symbol: ST7735_OutString
   Definitions
      At line 13 in file Print.s
   Uses
      None
Comment: ST7735_OutString unused
2 symbols
346 symbols in table
